2019-06-25 10:39:10 INFO  Person:44 - Invalid sex Hermafrodit for person: Lewis Cremin
2019-06-25 10:39:10 FATAL Person:51 - Invalid age -8 for person: Lewis Cremin
2019-06-25 10:39:10 INFO  Person:53 - Person(firstName=Lewis, lastName=Cremin, age=-8, amountOfChildren=6, sex=HERMAFRODIT)
2019-06-25 10:39:10 FATAL Person:51 - Invalid age -33 for person: Trisha Raynor
2019-06-25 10:39:10 INFO  Person:53 - Person(firstName=Trisha, lastName=Raynor, age=-33, amountOfChildren=4, sex=FEMALE)
2019-06-25 10:39:10 WARN  Person:47 - Invalid amount of children -10 for person: Giovanni Littel
2019-06-25 10:39:10 FATAL Person:51 - Invalid age -45 for person: Giovanni Littel
2019-06-25 10:39:10 INFO  Person:53 - Person(firstName=Giovanni, lastName=Littel, age=-45, amountOfChildren=-10, sex=FEMALE)
2019-06-25 10:39:10 INFO  Person:44 - Invalid sex Hermafrodit for person: Dortha Haag
2019-06-25 10:39:10 WARN  Person:47 - Invalid amount of children -1 for person: Dortha Haag
2019-06-25 10:39:10 INFO  Person:53 - Person(firstName=Dortha, lastName=Haag, age=50, amountOfChildren=-1, sex=HERMAFRODIT)
2019-06-25 10:39:10 INFO  Person:53 - Person(firstName=Herminio, lastName=Nienow, age=20, amountOfChildren=6, sex=FEMALE)
2019-06-25 10:39:10 INFO  Person:53 - Person(firstName=Ara, lastName=McDermott, age=76, amountOfChildren=4, sex=FEMALE)
2019-06-25 10:39:10 FATAL Person:51 - Invalid age -48 for person: John Schmidt
2019-06-25 10:39:10 INFO  Person:53 - Person(firstName=John, lastName=Schmidt, age=-48, amountOfChildren=2, sex=FEMALE)
2019-06-25 10:39:10 FATAL Person:51 - Invalid age -45 for person: Domenica Bradtke
2019-06-25 10:39:10 INFO  Person:53 - Person(firstName=Domenica, lastName=Bradtke, age=-45, amountOfChildren=5, sex=FEMALE)
2019-06-25 10:39:10 INFO  Person:44 - Invalid sex Hermafrodit for person: Josh Stokes
2019-06-25 10:39:10 WARN  Person:47 - Invalid amount of children -1 for person: Josh Stokes
2019-06-25 10:39:10 INFO  Person:53 - Person(firstName=Josh, lastName=Stokes, age=18, amountOfChildren=-1, sex=HERMAFRODIT)
2019-06-25 10:39:10 WARN  Person:47 - Invalid amount of children -3 for person: Johnathan Leuschke
2019-06-25 10:39:10 INFO  Person:53 - Person(firstName=Johnathan, lastName=Leuschke, age=48, amountOfChildren=-3, sex=FEMALE)
