2019-06-25 01:08:23 ERROR Person - Invalid sex Hermafrodit for person: Ardith DuBuque
2019-06-25 01:08:23 INFO  Person - Person(firstName=Ardith, lastName=DuBuque, age=38, amountOfChildren=3, sex=HERMAFRODIT)
2019-06-25 01:08:23 ERROR Person - Invalid sex Hermafrodit for person: Cooper Kunde
2019-06-25 01:08:23 WARN  Person - Invalid amount of children -1 for person: Cooper Kunde
2019-06-25 01:08:23 INFO  Person - Person(firstName=Cooper, lastName=Kunde, age=4, amountOfChildren=-1, sex=HERMAFRODIT)
2019-06-25 01:08:23 FATAL Person - Invalid age -17 for person: Macey Anderson
2019-06-25 01:08:23 INFO  Person - Person(firstName=Macey, lastName=Anderson, age=-17, amountOfChildren=0, sex=FEMALE)
2019-06-25 01:08:23 WARN  Person - Invalid amount of children -5 for person: Amara Boyle
2019-06-25 01:08:23 FATAL Person - Invalid age -42 for person: Amara Boyle
2019-06-25 01:08:23 INFO  Person - Person(firstName=Amara, lastName=Boyle, age=-42, amountOfChildren=-5, sex=FEMALE)
2019-06-25 01:08:23 WARN  Person - Invalid amount of children -9 for person: Mustafa Hills
2019-06-25 01:08:23 INFO  Person - Person(firstName=Mustafa, lastName=Hills, age=73, amountOfChildren=-9, sex=FEMALE)
2019-06-25 01:08:23 FATAL Person - Invalid age 0 for person: Bella Fadel
2019-06-25 01:08:23 INFO  Person - Person(firstName=Bella, lastName=Fadel, age=0, amountOfChildren=5, sex=FEMALE)
2019-06-25 01:08:23 ERROR Person - Invalid sex Hermafrodit for person: Mayra Parisian
2019-06-25 01:08:23 WARN  Person - Invalid amount of children -7 for person: Mayra Parisian
2019-06-25 01:08:23 INFO  Person - Person(firstName=Mayra, lastName=Parisian, age=41, amountOfChildren=-7, sex=HERMAFRODIT)
2019-06-25 01:08:23 ERROR Person - Invalid sex Hermafrodit for person: Desmond Boyle
2019-06-25 01:08:23 WARN  Person - Invalid amount of children -1 for person: Desmond Boyle
2019-06-25 01:08:23 INFO  Person - Person(firstName=Desmond, lastName=Boyle, age=92, amountOfChildren=-1, sex=HERMAFRODIT)
2019-06-25 01:08:23 WARN  Person - Invalid amount of children -9 for person: Lucinda Daugherty
2019-06-25 01:08:23 FATAL Person - Invalid age -38 for person: Lucinda Daugherty
2019-06-25 01:08:23 INFO  Person - Person(firstName=Lucinda, lastName=Daugherty, age=-38, amountOfChildren=-9, sex=MALE)
2019-06-25 01:08:23 WARN  Person - Invalid amount of children -3 for person: Clementine Skiles
2019-06-25 01:08:23 INFO  Person - Person(firstName=Clementine, lastName=Skiles, age=37, amountOfChildren=-3, sex=MALE)
2019-06-25 01:08:23 INFO  Person - Person: Ardith DuBuque has 3 children
2019-06-25 01:08:23 INFO  Person - Person: Cooper Kunde has -1 children
2019-06-25 01:08:23 INFO  Person - Person: Macey Anderson has 0 children
2019-06-25 01:08:23 INFO  Person - Person: Amara Boyle has -5 children
2019-06-25 01:08:23 INFO  Person - Person: Mustafa Hills has -9 children
2019-06-25 01:08:23 INFO  Person - Person: Bella Fadel has 5 children
2019-06-25 01:08:23 INFO  Person - Person: Mayra Parisian has -7 children
2019-06-25 01:08:23 INFO  Person - Person: Desmond Boyle has -1 children
2019-06-25 01:08:23 INFO  Person - Person: Lucinda Daugherty has -9 children
2019-06-25 01:08:23 INFO  Person - Person: Clementine Skiles has -3 children
2019-06-25 01:08:23 INFO  Person - 0 Persons have 2 children
2019-06-25 01:12:45 WARN  Person - Invalid amount of children -6 for person: Rollin Fisher
2019-06-25 01:12:45 INFO  Person - Person(firstName=Rollin, lastName=Fisher, age=56, amountOfChildren=-6, sex=FEMALE)
2019-06-25 01:12:45 FATAL Person - Invalid age -43 for person: Queen Lesch
2019-06-25 01:12:45 INFO  Person - Person(firstName=Queen, lastName=Lesch, age=-43, amountOfChildren=8, sex=FEMALE)
2019-06-25 01:12:45 FATAL Person - Invalid age -30 for person: Herbert Crist
2019-06-25 01:12:45 INFO  Person - Person(firstName=Herbert, lastName=Crist, age=-30, amountOfChildren=8, sex=MALE)
2019-06-25 01:12:45 WARN  Person - Invalid amount of children -1 for person: Kendra O'Conner
2019-06-25 01:12:45 INFO  Person - Person(firstName=Kendra, lastName=O'Conner, age=74, amountOfChildren=-1, sex=FEMALE)
2019-06-25 01:12:45 WARN  Person - Invalid amount of children -3 for person: Maggie Schoen
2019-06-25 01:12:45 INFO  Person - Person(firstName=Maggie, lastName=Schoen, age=82, amountOfChildren=-3, sex=FEMALE)
2019-06-25 01:12:45 WARN  Person - Invalid amount of children -8 for person: Isabel Gislason
2019-06-25 01:12:45 FATAL Person - Invalid age -34 for person: Isabel Gislason
2019-06-25 01:12:45 INFO  Person - Person(firstName=Isabel, lastName=Gislason, age=-34, amountOfChildren=-8, sex=FEMALE)
2019-06-25 01:12:45 WARN  Person - Invalid amount of children -5 for person: Guiseppe Glover
2019-06-25 01:12:45 FATAL Person - Invalid age -37 for person: Guiseppe Glover
2019-06-25 01:12:45 INFO  Person - Person(firstName=Guiseppe, lastName=Glover, age=-37, amountOfChildren=-5, sex=FEMALE)
2019-06-25 01:12:45 ERROR Person - Invalid sex Hermafrodit for person: Anna Wilderman
2019-06-25 01:12:45 WARN  Person - Invalid amount of children -2 for person: Anna Wilderman
2019-06-25 01:12:45 INFO  Person - Person(firstName=Anna, lastName=Wilderman, age=94, amountOfChildren=-2, sex=HERMAFRODIT)
2019-06-25 01:12:45 WARN  Person - Invalid amount of children -6 for person: Meta Prohaska
2019-06-25 01:12:45 FATAL Person - Invalid age -21 for person: Meta Prohaska
2019-06-25 01:12:45 INFO  Person - Person(firstName=Meta, lastName=Prohaska, age=-21, amountOfChildren=-6, sex=FEMALE)
2019-06-25 01:12:45 WARN  Person - Invalid amount of children -4 for person: Lilyan Dach
2019-06-25 01:12:45 FATAL Person - Invalid age -46 for person: Lilyan Dach
2019-06-25 01:12:45 INFO  Person - Person(firstName=Lilyan, lastName=Dach, age=-46, amountOfChildren=-4, sex=FEMALE)
2019-06-25 01:12:45 INFO  Person - Person: Rollin Fisher has -6 children
2019-06-25 01:12:45 INFO  Person - Person: Queen Lesch has 8 children
2019-06-25 01:12:45 INFO  Person - Person: Herbert Crist has 8 children
2019-06-25 01:12:45 INFO  Person - Person: Kendra O'Conner has -1 children
2019-06-25 01:12:45 INFO  Person - Person: Maggie Schoen has -3 children
2019-06-25 01:12:45 INFO  Person - Person: Isabel Gislason has -8 children
2019-06-25 01:12:45 INFO  Person - Person: Guiseppe Glover has -5 children
2019-06-25 01:12:45 INFO  Person - Person: Anna Wilderman has -2 children
2019-06-25 01:12:45 INFO  Person - Person: Meta Prohaska has -6 children
2019-06-25 01:12:45 INFO  Person - Person: Lilyan Dach has -4 children
2019-06-25 01:12:45 INFO  Person - 0 Persons have 2 children
2019-06-25 01:14:29 WARN  Person - Invalid amount of children -3 for person: Ali Hoeger
2019-06-25 01:14:29 FATAL Person - Invalid age -38 for person: Ali Hoeger
2019-06-25 01:14:29 INFO  Person - Person(firstName=Ali, lastName=Hoeger, age=-38, amountOfChildren=-3, sex=FEMALE)
2019-06-25 01:14:29 INFO  Person - Person(firstName=Anderson, lastName=Ratke, age=38, amountOfChildren=0, sex=FEMALE)
2019-06-25 01:14:29 ERROR Person - Invalid sex Hermafrodit for person: Emmitt Schuster
2019-06-25 01:14:29 INFO  Person - Person(firstName=Emmitt, lastName=Schuster, age=35, amountOfChildren=7, sex=HERMAFRODIT)
2019-06-25 01:14:29 WARN  Person - Invalid amount of children -8 for person: Astrid Rau
2019-06-25 01:14:29 FATAL Person - Invalid age -16 for person: Astrid Rau
2019-06-25 01:14:29 INFO  Person - Person(firstName=Astrid, lastName=Rau, age=-16, amountOfChildren=-8, sex=FEMALE)
2019-06-25 01:14:29 ERROR Person - Invalid sex Hermafrodit for person: Hosea Berge
2019-06-25 01:14:29 WARN  Person - Invalid amount of children -3 for person: Hosea Berge
2019-06-25 01:14:29 INFO  Person - Person(firstName=Hosea, lastName=Berge, age=45, amountOfChildren=-3, sex=HERMAFRODIT)
2019-06-25 01:14:29 ERROR Person - Invalid sex Hermafrodit for person: Kieran Hickle
2019-06-25 01:14:29 INFO  Person - Person(firstName=Kieran, lastName=Hickle, age=82, amountOfChildren=8, sex=HERMAFRODIT)
2019-06-25 01:14:29 FATAL Person - Invalid age -33 for person: Jennings Balistreri
2019-06-25 01:14:29 INFO  Person - Person(firstName=Jennings, lastName=Balistreri, age=-33, amountOfChildren=5, sex=FEMALE)
2019-06-25 01:14:29 ERROR Person - Invalid sex Hermafrodit for person: Linwood Ferry
2019-06-25 01:14:29 WARN  Person - Invalid amount of children -1 for person: Linwood Ferry
2019-06-25 01:14:29 FATAL Person - Invalid age -17 for person: Linwood Ferry
2019-06-25 01:14:29 INFO  Person - Person(firstName=Linwood, lastName=Ferry, age=-17, amountOfChildren=-1, sex=HERMAFRODIT)
2019-06-25 01:14:29 INFO  Person - Person(firstName=Cheyanne, lastName=Hessel, age=20, amountOfChildren=5, sex=FEMALE)
2019-06-25 01:14:29 ERROR Person - Invalid sex Hermafrodit for person: Harley Boyle
2019-06-25 01:14:29 WARN  Person - Invalid amount of children -8 for person: Harley Boyle
2019-06-25 01:14:29 FATAL Person - Invalid age -20 for person: Harley Boyle
2019-06-25 01:14:29 INFO  Person - Person(firstName=Harley, lastName=Boyle, age=-20, amountOfChildren=-8, sex=HERMAFRODIT)
2019-06-25 01:14:29 INFO  Person - Person: Ali Hoeger has -3 children
2019-06-25 01:14:29 INFO  Person - Person: Anderson Ratke has 0 children
2019-06-25 01:14:29 INFO  Person - Person: Emmitt Schuster has 7 children
2019-06-25 01:14:29 INFO  Person - Person: Astrid Rau has -8 children
2019-06-25 01:14:29 INFO  Person - Person: Hosea Berge has -3 children
2019-06-25 01:14:29 INFO  Person - Person: Kieran Hickle has 8 children
2019-06-25 01:14:29 INFO  Person - Person: Jennings Balistreri has 5 children
2019-06-25 01:14:29 INFO  Person - Person: Linwood Ferry has -1 children
2019-06-25 01:14:29 INFO  Person - Person: Cheyanne Hessel has 5 children
2019-06-25 01:14:29 INFO  Person - Person: Harley Boyle has -8 children
2019-06-25 01:14:29 INFO  Person - 0 Persons have 2 children
2019-06-25 01:15:15 WARN  Person - Invalid amount of children -9 for person: Rocky Crist
2019-06-25 01:15:15 INFO  Person - Person(firstName=Rocky, lastName=Crist, age=52, amountOfChildren=-9, sex=FEMALE)
2019-06-25 01:15:15 WARN  Person - Invalid amount of children -9 for person: Santa McClure
2019-06-25 01:15:15 INFO  Person - Person(firstName=Santa, lastName=McClure, age=65, amountOfChildren=-9, sex=FEMALE)
2019-06-25 01:15:15 ERROR Person - Invalid sex Hermafrodit for person: Micaela Volkman
2019-06-25 01:15:15 WARN  Person - Invalid amount of children -2 for person: Micaela Volkman
2019-06-25 01:15:15 INFO  Person - Person(firstName=Micaela, lastName=Volkman, age=82, amountOfChildren=-2, sex=HERMAFRODIT)
2019-06-25 01:15:15 ERROR Person - Invalid sex Hermafrodit for person: Madelynn Kutch
2019-06-25 01:15:15 WARN  Person - Invalid amount of children -2 for person: Madelynn Kutch
2019-06-25 01:15:15 FATAL Person - Invalid age -27 for person: Madelynn Kutch
2019-06-25 01:15:15 INFO  Person - Person(firstName=Madelynn, lastName=Kutch, age=-27, amountOfChildren=-2, sex=HERMAFRODIT)
2019-06-25 01:15:15 WARN  Person - Invalid amount of children -4 for person: Kacey Doyle
2019-06-25 01:15:15 INFO  Person - Person(firstName=Kacey, lastName=Doyle, age=23, amountOfChildren=-4, sex=FEMALE)
2019-06-25 01:15:15 WARN  Person - Invalid amount of children -10 for person: Jackie Wiegand
2019-06-25 01:15:15 INFO  Person - Person(firstName=Jackie, lastName=Wiegand, age=12, amountOfChildren=-10, sex=FEMALE)
2019-06-25 01:15:15 INFO  Person - Person(firstName=Jacinto, lastName=Casper, age=8, amountOfChildren=5, sex=MALE)
2019-06-25 01:15:15 WARN  Person - Invalid amount of children -3 for person: Dee O'Keefe
2019-06-25 01:15:15 FATAL Person - Invalid age -24 for person: Dee O'Keefe
2019-06-25 01:15:15 INFO  Person - Person(firstName=Dee, lastName=O'Keefe, age=-24, amountOfChildren=-3, sex=MALE)
2019-06-25 01:15:15 WARN  Person - Invalid amount of children -9 for person: Roger Murphy
2019-06-25 01:15:15 INFO  Person - Person(firstName=Roger, lastName=Murphy, age=89, amountOfChildren=-9, sex=FEMALE)
2019-06-25 01:15:15 WARN  Person - Invalid amount of children -7 for person: Dewayne Fritsch
2019-06-25 01:15:15 INFO  Person - Person(firstName=Dewayne, lastName=Fritsch, age=2, amountOfChildren=-7, sex=FEMALE)
2019-06-25 01:15:15 INFO  Person - Person: Rocky Crist has -9 children
2019-06-25 01:15:15 INFO  Person - Person: Santa McClure has -9 children
2019-06-25 01:15:15 INFO  Person - Person: Micaela Volkman has -2 children
2019-06-25 01:15:15 INFO  Person - Person: Madelynn Kutch has -2 children
2019-06-25 01:15:15 INFO  Person - Person: Kacey Doyle has -4 children
2019-06-25 01:15:15 INFO  Person - Person: Jackie Wiegand has -10 children
2019-06-25 01:15:15 INFO  Person - Person: Jacinto Casper has 5 children
2019-06-25 01:15:15 INFO  Person - Person: Dee O'Keefe has -3 children
2019-06-25 01:15:15 INFO  Person - Person: Roger Murphy has -9 children
2019-06-25 01:15:15 INFO  Person - Person: Dewayne Fritsch has -7 children
2019-06-25 01:15:15 INFO  Person - 0 Persons have 2 children
