2019-06-25 11:09:03.645 [main] INFO  homeWork2.Task1PrimeNumbers - [2, 3, 5, 7, 11, 13, 17, 19, 23, 29, 31, 37, 41, 43, 47]
2019-06-25 11:09:03.650 [main] INFO  homeWork2.Task3ChineseZodiac - According to the Chinese Calendar, you were born during Dragon year
2019-06-25 11:09:03.651 [main] INFO  homeWork2.Task5SequentialSearch - [1, 33, 48, 28, 21, 28, 49, 1, 36, 86]
2019-06-25 11:09:03.652 [main] ERROR homeWork2.Task5SequentialSearch - No such element in array!
2019-06-25 11:09:03.652 [main] INFO  homeWork2.Task6StatisticalInformation - [90, 8, 57, 93, 81, 6, 61, 83, 69, 37]
2019-06-25 11:09:03.657 [main] INFO  homeWork2.Task6StatisticalInformation - Arithmetic Mean: 58,50
2019-06-25 11:09:03.658 [main] INFO  homeWork2.Task6StatisticalInformation - Median: 130,00
2019-06-25 11:09:03.661 [main] INFO  homeWork2.Task6StatisticalInformation - Mode: 81,00
2019-06-25 11:09:03.663 [main] INFO  homeWork2.Task6StatisticalInformation - Standard deviation: 31,93
2019-06-25 11:09:03.664 [main] INFO  homeWork2.Task7BubbleSort - [26, 28, 37, 40, 40, 44, 65, 75, 87, 97]
2019-06-25 11:09:11.381 [main] INFO  homeWork2.Task1PrimeNumbers - [2, 3, 5, 7, 11, 13, 17, 19, 23, 29, 31, 37, 41, 43, 47]
2019-06-25 11:09:11.385 [main] INFO  homeWork2.Task3ChineseZodiac - According to the Chinese Calendar, you were born during Dragon year
2019-06-25 11:09:11.387 [main] INFO  homeWork2.Task5SequentialSearch - [40, 20, 24, 52, 13, 19, 91, 91, 37, 79]
2019-06-25 11:09:11.388 [main] ERROR homeWork2.Task5SequentialSearch - No such element in array!
2019-06-25 11:09:11.388 [main] INFO  homeWork2.Task6StatisticalInformation - [71, 28, 49, 89, 66, 77, 16, 89, 13, 54]
2019-06-25 11:09:11.393 [main] INFO  homeWork2.Task6StatisticalInformation - Arithmetic Mean: 55,20
2019-06-25 11:09:11.395 [main] INFO  homeWork2.Task6StatisticalInformation - Median: 120,00
2019-06-25 11:09:11.398 [main] INFO  homeWork2.Task6StatisticalInformation - Mode: 89,00
2019-06-25 11:09:11.400 [main] INFO  homeWork2.Task6StatisticalInformation - Standard deviation: 28,33
2019-06-25 11:09:11.400 [main] INFO  homeWork2.Task7BubbleSort - [0, 2, 4, 21, 56, 61, 70, 86, 91, 91]
2019-06-25 11:09:23.725 [main] INFO  homeWork2.Task1PrimeNumbers - [2, 3, 5, 7, 11, 13, 17, 19, 23, 29, 31, 37, 41, 43, 47]
2019-06-25 11:09:23.729 [main] INFO  homeWork2.Task3ChineseZodiac - According to the Chinese Calendar, you were born during Dragon year
2019-06-25 11:09:23.731 [main] INFO  homeWork2.Task5SequentialSearch - [34, 39, 70, 84, 44, 44, 17, 85, 60, 30]
2019-06-25 11:09:23.731 [main] ERROR homeWork2.Task5SequentialSearch - No such element in array!
2019-06-25 11:09:23.732 [main] INFO  homeWork2.Task6StatisticalInformation - [55, 28, 79, 17, 82, 94, 71, 85, 85, 28]
2019-06-25 11:09:23.736 [main] INFO  homeWork2.Task6StatisticalInformation - Arithmetic Mean: 62,40
2019-06-25 11:09:23.737 [main] INFO  homeWork2.Task6StatisticalInformation - Median: 150,00
2019-06-25 11:09:23.739 [main] INFO  homeWork2.Task6StatisticalInformation - Mode: 85,00
2019-06-25 11:09:23.741 [main] INFO  homeWork2.Task6StatisticalInformation - Standard deviation: 28,36
2019-06-25 11:09:23.741 [main] INFO  homeWork2.Task7BubbleSort - [38, 40, 61, 69, 71, 81, 82, 87, 91, 91]
2019-06-25 11:24:41.877 [main] INFO  homeWork2.Task1PrimeNumbers - [2, 3, 5, 7, 11, 13, 17, 19, 23, 29, 31, 37, 41, 43, 47]
2019-06-25 11:24:41.880 [main] INFO  homeWork2.Task3ChineseZodiac - According to the Chinese Calendar, you were born during Dragon year
2019-06-25 11:24:41.882 [main] INFO  homeWork2.Task5SequentialSearch - [99, 82, 52, 63, 89, 28, 12, 17, 93, 29]
2019-06-25 11:24:41.882 [main] WARN  homeWork2.Task5SequentialSearch - No such element in array!
2019-06-25 11:24:41.883 [main] INFO  homeWork2.Task6StatisticalInformation - [17, 72, 19, 25, 93, 49, 79, 60, 24, 89]
2019-06-25 11:24:41.887 [main] INFO  homeWork2.Task6StatisticalInformation - Arithmetic Mean: 52,70
2019-06-25 11:24:41.888 [main] INFO  homeWork2.Task6StatisticalInformation - Median: 109,00
2019-06-25 11:24:41.890 [main] INFO  homeWork2.Task6StatisticalInformation - Mode: 17,00
2019-06-25 11:24:41.892 [main] INFO  homeWork2.Task6StatisticalInformation - Standard deviation: 29,95
2019-06-25 11:24:41.892 [main] INFO  homeWork2.Task7BubbleSort - [5, 10, 11, 19, 28, 35, 45, 53, 75, 78]
2019-06-25 11:58:19.346 [main] INFO   - [2, 3, 5, 7, 11, 13, 17, 19, 23, 29, 31, 37, 41, 43, 47]
2019-06-25 11:58:19.350 [main] INFO   - According to the Chinese Calendar, you were born during Dragon year
2019-06-25 11:58:19.351 [main] INFO   - [56, 90, 3, 23, 20, 84, 95, 89, 78, 55]
2019-06-25 11:58:19.352 [main] INFO   - Position of your element: 2
2019-06-25 11:58:19.353 [main] INFO   - [67, 78, 99, 75, 94, 79, 37, 51, 41, 24]
2019-06-25 11:58:19.359 [main] INFO   - Arithmetic Mean: 64,50
2019-06-25 11:58:19.360 [main] INFO   - Median: 142,00
2019-06-25 11:58:19.363 [main] INFO   - Mode: 51,00
2019-06-25 11:58:19.365 [main] INFO   - Standard deviation: 25,17
2019-06-25 11:58:19.366 [main] INFO   - [0, 28, 32, 38, 43, 45, 65, 74, 87, 94]
2019-06-25 11:58:34.830 [main] INFO  - [2, 3, 5, 7, 11, 13, 17, 19, 23, 29, 31, 37, 41, 43, 47]
2019-06-25 11:58:34.834 [main] INFO  - According to the Chinese Calendar, you were born during Dragon year
2019-06-25 11:58:34.837 [main] INFO  - [98, 6, 4, 1, 73, 47, 69, 20, 10, 67]
2019-06-25 11:58:34.837 [main] WARN  - No such element in array!
2019-06-25 11:58:34.838 [main] INFO  - [8, 25, 76, 63, 90, 13, 86, 55, 38, 21]
2019-06-25 11:58:34.844 [main] INFO  - Arithmetic Mean: 47,50
2019-06-25 11:58:34.845 [main] INFO  - Median: 93,00
2019-06-25 11:58:34.847 [main] INFO  - Mode: 21,00
2019-06-25 11:58:34.850 [main] INFO  - Standard deviation: 30,63
2019-06-25 11:58:34.851 [main] INFO  - [1, 28, 29, 29, 31, 50, 65, 70, 82, 85]
2019-06-25 11:58:41.714 [main] INFO  homeWork2.Task1PrimeNumbers - [2, 3, 5, 7, 11, 13, 17, 19, 23, 29, 31, 37, 41, 43, 47]
2019-06-25 11:58:41.718 [main] INFO  homeWork2.Task3ChineseZodiac - According to the Chinese Calendar, you were born during Dragon year
2019-06-25 11:58:41.720 [main] INFO  homeWork2.Task5SequentialSearch - [51, 50, 29, 11, 24, 57, 61, 72, 39, 45]
2019-06-25 11:58:41.720 [main] WARN  homeWork2.Task5SequentialSearch - No such element in array!
2019-06-25 11:58:41.721 [main] INFO  homeWork2.Task6StatisticalInformation - [30, 52, 52, 27, 13, 57, 16, 50, 62, 23]
2019-06-25 11:58:41.725 [main] INFO  homeWork2.Task6StatisticalInformation - Arithmetic Mean: 38,20
2019-06-25 11:58:41.726 [main] INFO  homeWork2.Task6StatisticalInformation - Median: 80,00
2019-06-25 11:58:41.729 [main] INFO  homeWork2.Task6StatisticalInformation - Mode: 52,00
2019-06-25 11:58:41.731 [main] INFO  homeWork2.Task6StatisticalInformation - Standard deviation: 18,23
2019-06-25 11:58:41.731 [main] INFO  homeWork2.Task7BubbleSort - [0, 6, 6, 40, 42, 52, 57, 66, 79, 80]
2019-06-25 11:58:51.041 INFO  - [2, 3, 5, 7, 11, 13, 17, 19, 23, 29, 31, 37, 41, 43, 47]
2019-06-25 11:58:51.045 INFO  - According to the Chinese Calendar, you were born during Dragon year
2019-06-25 11:58:51.047 INFO  - [11, 36, 78, 65, 84, 16, 76, 20, 58, 23]
2019-06-25 11:58:51.047 WARN  - No such element in array!
2019-06-25 11:58:51.048 INFO  - [81, 5, 51, 72, 93, 99, 32, 85, 40, 84]
2019-06-25 11:58:51.053 INFO  - Arithmetic Mean: 64,20
2019-06-25 11:58:51.053 INFO  - Median: 153,00
2019-06-25 11:58:51.056 INFO  - Mode: 32,00
2019-06-25 11:58:51.058 INFO  - Standard deviation: 30,75
2019-06-25 11:58:51.058 INFO  - [2, 17, 18, 26, 28, 30, 50, 76, 84, 97]
2019-06-25 11:58:58.007 [main] INFO  - [2, 3, 5, 7, 11, 13, 17, 19, 23, 29, 31, 37, 41, 43, 47]
2019-06-25 11:58:58.012 [main] INFO  - According to the Chinese Calendar, you were born during Dragon year
2019-06-25 11:58:58.015 [main] INFO  - [70, 33, 73, 10, 80, 83, 22, 15, 94, 93]
2019-06-25 11:58:58.015 [main] WARN  - No such element in array!
2019-06-25 11:58:58.016 [main] INFO  - [5, 26, 5, 61, 71, 55, 63, 41, 37, 29]
2019-06-25 11:58:58.021 [main] INFO  - Arithmetic Mean: 39,30
2019-06-25 11:58:58.022 [main] INFO  - Median: 78,00
2019-06-25 11:58:58.025 [main] INFO  - Mode: 5,00
2019-06-25 11:58:58.028 [main] INFO  - Standard deviation: 23,40
2019-06-25 11:58:58.029 [main] INFO  - [5, 25, 30, 34, 58, 62, 66, 71, 83, 94]
2019-06-25 11:59:05.696 [main] INFO  - [2, 3, 5, 7, 11, 13, 17, 19, 23, 29, 31, 37, 41, 43, 47]
2019-06-25 11:59:05.702 [main] INFO  - According to the Chinese Calendar, you were born during Dragon year
2019-06-25 11:59:05.705 [main] INFO  - [56, 6, 96, 47, 42, 82, 8, 83, 75, 27]
2019-06-25 11:59:05.705 [main] WARN  - No such element in array!
2019-06-25 11:59:05.706 [main] INFO  - [92, 57, 34, 14, 43, 2, 77, 47, 81, 77]
2019-06-25 11:59:05.713 [main] INFO  - Arithmetic Mean: 52,40
2019-06-25 11:59:05.714 [main] INFO  - Median: 104,00
2019-06-25 11:59:05.717 [main] INFO  - Mode: 77,00
2019-06-25 11:59:05.720 [main] INFO  - Standard deviation: 29,98
2019-06-25 11:59:05.720 [main] INFO  - [0, 1, 10, 12, 62, 72, 75, 88, 94, 97]
2019-06-25 11:59:15.400 INFO  - [2, 3, 5, 7, 11, 13, 17, 19, 23, 29, 31, 37, 41, 43, 47]
2019-06-25 11:59:15.404 INFO  - According to the Chinese Calendar, you were born during Dragon year
2019-06-25 11:59:15.405 INFO  - [94, 63, 80, 53, 71, 84, 91, 17, 71, 96]
2019-06-25 11:59:15.406 WARN  - No such element in array!
2019-06-25 11:59:15.406 INFO  - [3, 6, 94, 56, 18, 15, 19, 65, 54, 74]
2019-06-25 11:59:15.410 INFO  - Arithmetic Mean: 40,40
2019-06-25 11:59:15.411 INFO  - Median: 73,00
2019-06-25 11:59:15.413 INFO  - Mode: 65,00
2019-06-25 11:59:15.415 INFO  - Standard deviation: 32,01
2019-06-25 11:59:15.416 INFO  - [0, 30, 44, 48, 52, 63, 68, 77, 79, 93]
2019-06-25 12:01:26.461 INFO  [main] - [2, 3, 5, 7, 11, 13, 17, 19, 23, 29, 31, 37, 41, 43, 47]
2019-06-25 12:01:26.465 INFO  [main] - According to the Chinese Calendar, you were born during Dragon year
2019-06-25 12:01:26.467 INFO  [main] - [98, 78, 21, 21, 81, 69, 55, 53, 10, 61]
2019-06-25 12:01:26.467 WARN  [main] - No such element in array!
2019-06-25 12:01:26.468 INFO  [main] - [73, 47, 80, 3, 42, 10, 52, 77, 69, 84]
2019-06-25 12:01:26.472 INFO  [main] - Arithmetic Mean: 53,70
2019-06-25 12:01:26.473 INFO  [main] - Median: 121,00
2019-06-25 12:01:26.475 INFO  [main] - Mode: 80,00
2019-06-25 12:01:26.477 INFO  [main] - Standard deviation: 28,72
2019-06-25 12:01:26.478 INFO  [main] - [15, 25, 26, 31, 46, 69, 70, 71, 90, 93]
2019-06-25 12:01:54.303 INFO  - [2, 3, 5, 7, 11, 13, 17, 19, 23, 29, 31, 37, 41, 43, 47]
2019-06-25 12:01:54.307 INFO  - According to the Chinese Calendar, you were born during Dragon year
2019-06-25 12:01:54.309 INFO  - [15, 52, 9, 49, 74, 30, 90, 48, 50, 50]
2019-06-25 12:01:54.310 WARN  - No such element in array!
2019-06-25 12:01:54.311 INFO  - [55, 17, 59, 77, 35, 56, 95, 23, 11, 95]
2019-06-25 12:01:54.315 INFO  - Arithmetic Mean: 52,30
2019-06-25 12:01:54.316 INFO  - Median: 111,00
2019-06-25 12:01:54.320 INFO  - Mode: 95,00
2019-06-25 12:01:54.323 INFO  - Standard deviation: 30,61
2019-06-25 12:01:54.324 INFO  - [3, 9, 19, 23, 31, 32, 51, 75, 86, 93]
2019-06-25 12:07:03.575 INFO  - [2, 3, 5, 7, 11, 13, 17, 19, 23, 29, 31, 37, 41, 43, 47]
2019-06-25 12:07:03.578 INFO  - According to the Chinese Calendar, you were born during Dragon year
2019-06-25 12:07:03.581 INFO  - [56, 58, 66, 45, 11, 99, 13, 59, 37, 57]
2019-06-25 12:07:03.581 WARN  - No such element in array!
2019-06-25 12:07:03.582 INFO  - [57, 81, 80, 39, 7, 83, 37, 22, 59, 58]
2019-06-25 12:07:03.586 INFO  - Arithmetic Mean: 52,30
2019-06-25 12:07:03.587 INFO  - Median: 115,00
2019-06-25 12:07:03.590 INFO  - Mode: 80,00
2019-06-25 12:07:03.592 INFO  - Standard deviation: 25,85
2019-06-25 12:07:03.593 INFO  - [1, 9, 9, 32, 47, 71, 91, 91, 94, 98]
2019-06-25 12:07:16.638 INFO  - [2, 3, 5, 7, 11, 13, 17, 19, 23, 29, 31, 37, 41, 43, 47]
2019-06-25 12:07:16.643 INFO  - According to the Chinese Calendar, you were born during Dragon year
2019-06-25 12:07:16.645 INFO  - [90, 60, 95, 89, 11, 66, 1, 9, 50, 15]
2019-06-25 12:07:16.645 WARN  - No such element in array!
2019-06-25 12:07:16.646 INFO  - [99, 30, 41, 87, 81, 8, 86, 39, 17, 59]
2019-06-25 12:07:16.654 INFO  - Arithmetic Mean: 54,70
2019-06-25 12:07:16.656 INFO  - Median: 100,00
2019-06-25 12:07:16.657 INFO  - Mode: 17,00
2019-06-25 12:07:16.659 INFO  - Standard deviation: 32,22
2019-06-25 12:07:16.659 INFO  - [14, 20, 23, 30, 32, 36, 47, 53, 54, 99]
2019-06-25 12:07:47.147 INFO  - [2, 3, 5, 7, 11, 13, 17, 19, 23, 29, 31, 37, 41, 43, 47]
2019-06-25 12:07:47.151 INFO  - According to the Chinese Calendar, you were born during Dragon year
2019-06-25 12:07:47.152 INFO  - [22, 55, 89, 54, 99, 24, 56, 87, 93, 99]
2019-06-25 12:07:47.153 WARN  - No such element in array!
2019-06-25 12:07:47.154 INFO  - [29, 25, 31, 25, 85, 25, 64, 91, 77, 99]
2019-06-25 12:07:47.158 INFO  - Arithmetic Mean: 55,10
2019-06-25 12:07:47.159 INFO  - Median: 95,00
2019-06-25 12:07:47.162 INFO  - Mode: 25,00
2019-06-25 12:07:47.164 INFO  - Standard deviation: 31,00
2019-06-25 12:07:47.165 INFO  - [29, 37, 39, 47, 60, 64, 82, 92, 92, 96]
2019-06-25 12:08:06.512 INFO  - [2, 3, 5, 7, 11, 13, 17, 19, 23, 29, 31, 37, 41, 43, 47]
2019-06-25 12:08:06.517 INFO  - According to the Chinese Calendar, you were born during Dragon year
2019-06-25 12:08:06.519 INFO  - [32, 82, 63, 45, 11, 35, 58, 6, 60, 85]
2019-06-25 12:08:06.519 WARN  - No such element in array!
2019-06-25 12:08:06.520 INFO  - [72, 60, 47, 12, 45, 30, 82, 91, 52, 66]
2019-06-25 12:08:06.524 INFO  - Arithmetic Mean: 55,70
2019-06-25 12:08:06.524 INFO  - Median: 112,00
2019-06-25 12:08:06.527 INFO  - Mode: 66,00
2019-06-25 12:08:06.529 INFO  - Standard deviation: 23,81
2019-06-25 12:08:06.529 INFO  - [3, 34, 42, 46, 51, 63, 79, 81, 84, 92]
